error[E0425]: cannot find function `log` in this scope
  --> $DIR/bad-expr-path2.rs:6:5
   |
LL |     log(debug, m1::arguments);
   |     ^^^ not found in this scope

error[E0425]: cannot find value `debug` in this scope
  --> $DIR/bad-expr-path2.rs:6:9
   |
LL |     log(debug, m1::arguments);
   |         ^^^^^ not found in this scope

error[E0423]: expected value, found module `m1::arguments`
  --> $DIR/bad-expr-path2.rs:6:16
   |
LL |     log(debug, m1::arguments);
   |                ^^^^^^^^^^^^^ not a value

error: aborting due to 3 previous errors

Some errors have detailed explanations: E0423, E0425.
For more information about an error, try `rustc --explain E0423`.
